<?xml version="1.0" encoding="UTF-8"?>
<testsuite xmlns:xsi="http://www.w3.org/2001/XMLSchema-instance" xsi:noNamespaceSchemaLocation="https://maven.apache.org/surefire/maven-surefire-plugin/xsd/surefire-test-report.xsd" name="gettyimages.api.GettyImagesWebDriverTest" time="28.799" tests="5" errors="0" skipped="0" failures="0">
  <properties>
[...]
</properties>
  <testcase name="authorizationTest" classname="gettyimages.api.GettyImagesWebDriverTest" time="5.595"/>
  <testcase name="addPhotosToCart" classname="gettyimages.api.GettyImagesWebDriverTest" time="9.872"/>
  <testcase name="removePhotos" classname="gettyimages.api.GettyImagesWebDriverTest" time="1.342"/>
  <testcase name="catsSearch" classname="gettyimages.api.GettyImagesWebDriverTest" time="5.947"/>
  <testcase name="signOut" classname="gettyimages.api.GettyImagesWebDriverTest" time="1.84"/>
</testsuite>